c:\users\o010617j\desktop\sdl-mario-master\mariobaseproject\x64\debug\vc142.pdb
c:\users\o010617j\desktop\sdl-mario-master\mariobaseproject\x64\debug\vc142.idb
c:\users\o010617j\desktop\sdl-mario-master\mariobaseproject\x64\debug\source.obj
c:\users\o010617j\desktop\sdl-mario-master\mariobaseproject\x64\debug\texture2d.obj
c:\users\o010617j\desktop\sdl-mario-master\x64\debug\mariobaseproject.exe
c:\users\o010617j\desktop\sdl-mario-master\x64\debug\mariobaseproject.ilk
c:\users\o010617j\desktop\sdl-mario-master\x64\debug\mariobaseproject.pdb
c:\users\o010617j\desktop\mario\mariobaseproject\x64\debug\source.obj
c:\users\o010617j\desktop\mario\mariobaseproject\x64\debug\texture2d.obj
c:\users\o010617j\desktop\mario\mariobaseproject\x64\debug\vc142.idb
c:\users\o010617j\desktop\mario\mariobaseproject\x64\debug\vc142.pdb
c:\users\o010617j\desktop\mario\x64\debug\mariobaseproject.pdb
c:\users\o010617j\desktop\mario\x64\debug\mariobaseproject.exe
c:\users\o010617j\desktop\mario\x64\debug\mariobaseproject.ilk
c:\users\o010617j\desktop\mario\mariobaseproject\x64\debug\mariobaseproject.tlog\cl.command.1.tlog
c:\users\o010617j\desktop\mario\mariobaseproject\x64\debug\mariobaseproject.tlog\cl.read.1.tlog
c:\users\o010617j\desktop\mario\mariobaseproject\x64\debug\mariobaseproject.tlog\cl.write.1.tlog
c:\users\o010617j\desktop\mario\mariobaseproject\x64\debug\mariobaseproject.tlog\link.command.1.tlog
c:\users\o010617j\desktop\mario\mariobaseproject\x64\debug\mariobaseproject.tlog\link.read.1.tlog
c:\users\o010617j\desktop\mario\mariobaseproject\x64\debug\mariobaseproject.tlog\link.write.1.tlog
